[    3289ms] [WARNING] <meta name="apple-mobile-web-app-capable" content="yes"> is deprecated. Please include <meta name="mobile-web-app-capable" content="yes"> @ http://localhost:3000/payments:0
[  322984ms] [WARNING] <meta name="apple-mobile-web-app-capable" content="yes"> is deprecated. Please include <meta name="mobile-web-app-capable" content="yes"> @ http://localhost:3000/payments:0
[  326127ms] [WARNING] The resource http://localhost:3000/_next/static/css/app/layout.css?v=1771965173092 was preloaded using link preload but not used within a few seconds from the window's load event. Please make sure it has an appropriate `as` value and it is preloaded intentionally. @ http://localhost:3000/payments:0
[  337087ms] [WARNING] The resource http://localhost:3000/_next/static/css/app/layout.css?v=1771965173092 was preloaded using link preload but not used within a few seconds from the window's load event. Please make sure it has an appropriate `as` value and it is preloaded intentionally. @ http://localhost:3000/payments:0
[  343888ms] [WARNING] The resource http://localhost:3000/_next/static/css/app/layout.css?v=1771965173092 was preloaded using link preload but not used within a few seconds from the window's load event. Please make sure it has an appropriate `as` value and it is preloaded intentionally. @ http://localhost:3000/payments:0
[  356819ms] [WARNING] The resource http://localhost:3000/_next/static/css/app/layout.css?v=1771965173092 was preloaded using link preload but not used within a few seconds from the window's load event. Please make sure it has an appropriate `as` value and it is preloaded intentionally. @ http://localhost:3000/payments:0
[  365900ms] [WARNING] The resource http://localhost:3000/_next/static/css/app/layout.css?v=1771965173092 was preloaded using link preload but not used within a few seconds from the window's load event. Please make sure it has an appropriate `as` value and it is preloaded intentionally. @ http://localhost:3000/payments:0
[  371870ms] [WARNING] The resource http://localhost:3000/_next/static/css/app/layout.css?v=1771965173092 was preloaded using link preload but not used within a few seconds from the window's load event. Please make sure it has an appropriate `as` value and it is preloaded intentionally. @ http://localhost:3000/payments:0
[  380011ms] [WARNING] The resource http://localhost:3000/_next/static/css/app/layout.css?v=1771965173092 was preloaded using link preload but not used within a few seconds from the window's load event. Please make sure it has an appropriate `as` value and it is preloaded intentionally. @ http://localhost:3000/payments:0
[  391476ms] [WARNING] The resource http://localhost:3000/_next/static/css/app/layout.css?v=1771965173092 was preloaded using link preload but not used within a few seconds from the window's load event. Please make sure it has an appropriate `as` value and it is preloaded intentionally. @ http://localhost:3000/payments:0
[  402845ms] [WARNING] The resource http://localhost:3000/_next/static/css/app/layout.css?v=1771965173092 was preloaded using link preload but not used within a few seconds from the window's load event. Please make sure it has an appropriate `as` value and it is preloaded intentionally. @ http://localhost:3000/payments:0
[  410693ms] [WARNING] The resource http://localhost:3000/_next/static/css/app/layout.css?v=1771965173092 was preloaded using link preload but not used within a few seconds from the window's load event. Please make sure it has an appropriate `as` value and it is preloaded intentionally. @ http://localhost:3000/payments:0
[  419518ms] [WARNING] <meta name="apple-mobile-web-app-capable" content="yes"> is deprecated. Please include <meta name="mobile-web-app-capable" content="yes"> @ http://localhost:3000/dashboard:0
[  421942ms] [WARNING] <meta name="apple-mobile-web-app-capable" content="yes"> is deprecated. Please include <meta name="mobile-web-app-capable" content="yes"> @ http://localhost:3000/login:0
[  421983ms] [ERROR] Failed to load resource: the server responded with a status of 401 (Unauthorized) @ http://localhost:3000/api/bookings/dashboard:0
[  421983ms] [ERROR] Failed to fetch dashboard bookings @ webpack-internal:///(app-pages-browser)/./node_modules/.pnpm/next@14.2.16_@babel+core@7.28.5_react-dom@18.3.1_react@18.3.1__react@18.3.1/node_modules/next/dist/client/app-index.js:32
[  427762ms] [WARNING] The resource http://localhost:3000/_next/static/css/app/layout.css?v=1771965173092 was preloaded using link preload but not used within a few seconds from the window's load event. Please make sure it has an appropriate `as` value and it is preloaded intentionally. @ http://localhost:3000/login:0
[  469108ms] [WARNING] <meta name="apple-mobile-web-app-capable" content="yes"> is deprecated. Please include <meta name="mobile-web-app-capable" content="yes"> @ http://localhost:3000/dashboard:0
[  473600ms] [WARNING] The resource http://localhost:3000/_next/static/css/app/layout.css?v=1771965173092 was preloaded using link preload but not used within a few seconds from the window's load event. Please make sure it has an appropriate `as` value and it is preloaded intentionally. @ http://localhost:3000/dashboard:0
[  479000ms] [WARNING] The resource http://localhost:3000/_next/static/css/app/layout.css?v=1771965173092 was preloaded using link preload but not used within a few seconds from the window's load event. Please make sure it has an appropriate `as` value and it is preloaded intentionally. @ http://localhost:3000/dashboard:0
[  497066ms] [WARNING] The resource http://localhost:3000/_next/static/css/app/layout.css?v=1771965173092 was preloaded using link preload but not used within a few seconds from the window's load event. Please make sure it has an appropriate `as` value and it is preloaded intentionally. @ http://localhost:3000/dashboard:0
[  502045ms] [WARNING] <meta name="apple-mobile-web-app-capable" content="yes"> is deprecated. Please include <meta name="mobile-web-app-capable" content="yes"> @ http://localhost:3000/weather:0
[  544129ms] [WARNING] <meta name="apple-mobile-web-app-capable" content="yes"> is deprecated. Please include <meta name="mobile-web-app-capable" content="yes"> @ http://localhost:3000/dashboard:0
[  569038ms] [WARNING] <meta name="apple-mobile-web-app-capable" content="yes"> is deprecated. Please include <meta name="mobile-web-app-capable" content="yes"> @ http://localhost:3000/bookings/e03931df-3b1f-4aba-8055-f979d16e042b:0
[  578034ms] [WARNING] <meta name="apple-mobile-web-app-capable" content="yes"> is deprecated. Please include <meta name="mobile-web-app-capable" content="yes"> @ http://localhost:3000/bookings:0
